<?xml version="1.0" encoding="UTF-8"?>
<!-- Generated by org.testng.reporters.JUnitReportReporter -->
<testsuite hostname="MOHAMMADALI-PC" name="com.qa.abhibus.pages.login_page" tests="1" failures="0" timestamp="31 Jan 2019 08:34:55 GMT" time="16.973" errors="0">
  <testcase name="initialization" time="16.973" classname="com.qa.abhibus.pages.login_page"/>
</testsuite> <!-- com.qa.abhibus.pages.login_page -->
