<?xml version="1.0" encoding="UTF-8"?>
<!-- Generated by org.testng.reporters.JUnitReportReporter -->
<testsuite hostname="MOHAMMADALI-PC" name="com.qa.abhibus.base.TestBase" tests="1" failures="0" timestamp="31 Jan 2019 08:36:55 GMT" time="17.417" errors="0">
  <testcase name="initialization" time="17.417" classname="com.qa.abhibus.base.TestBase"/>
</testsuite> <!-- com.qa.abhibus.base.TestBase -->
