<?xml version="1.0" encoding="UTF-8"?>
<!-- Generated by org.testng.reporters.JUnitReportReporter -->
<testsuite hostname="MOHAMMADALI-PC" name="com.qa.abhibus.test.login_page_test" tests="13" failures="0" timestamp="30 Jan 2019 11:44:29 GMT" time="310.928" errors="0">
  <testcase name="validateGuiCancel_ticket_link" time="11.624" classname="com.qa.abhibus.test.login_page_test"/>
  <testcase name="initialization" time="40.326" classname="com.qa.abhibus.test.login_page_test"/>
  <testcase name="validateGuiHotel_link" time="11.822" classname="com.qa.abhibus.test.login_page_test"/>
  <testcase name="validateclickOnlogin_signup_Link" time="14.190" classname="com.qa.abhibus.test.login_page_test"/>
  <testcase name="validateGuiOffers_link" time="12.052" classname="com.qa.abhibus.test.login_page_test"/>
  <testcase name="validateclickoncancel_ticket_link" time="15.699" classname="com.qa.abhibus.test.login_page_test"/>
  <testcase name="validateGuiLogin_Singup_Btn" time="22.082" classname="com.qa.abhibus.test.login_page_test"/>
  <testcase name="validateGuiPrint_ticket_link" time="98.645" classname="com.qa.abhibus.test.login_page_test"/>
  <testcase name="validateclickOnhotel_link" time="14.497" classname="com.qa.abhibus.test.login_page_test"/>
  <testcase name="validateclickonOffers_link" time="16.493" classname="com.qa.abhibus.test.login_page_test"/>
  <testcase name="validateGuiCustomer_care_link" time="11.630" classname="com.qa.abhibus.test.login_page_test"/>
  <testcase name="validateclickonPrint_ticket_link" time="14.215" classname="com.qa.abhibus.test.login_page_test"/>
  <testcase name="validateclickonCustomer_care_link" time="27.653" classname="com.qa.abhibus.test.login_page_test"/>
</testsuite> <!-- com.qa.abhibus.test.login_page_test -->
